# JRE version: Java(TM) SE Runtime Environment (8.0_131-b11) (build 1.8.0_131-b11)
# Java VM: Java HotSpot(TM) 64-Bit Server VM (25.131-b11 mixed mode windows-amd64 compressed oops)
Heap:
 PSYoungGen      total 153600K, used 91087K [0x00000000e1980000, 0x00000000eee80000, 0x0000000100000000)
  eden space 140288K, 55% used [0x00000000e1980000,0x00000000e657a528,0x00000000ea280000)
  from space 13312K, 99% used [0x00000000ee180000,0x00000000eee796e8,0x00000000eee80000)
  to   space 16384K, 94% used [0x00000000ece80000,0x00000000eddad460,0x00000000ede80000)
 ParOldGen       total 63488K, used 23617K [0x00000000a4c00000, 0x00000000a8a00000, 0x00000000e1980000)
  object space 63488K, 37% used [0x00000000a4c00000,0x00000000a63104c8,0x00000000a8a00000)
 Metaspace       used 26057K, capacity 26708K, committed 27008K, reserved 1073152K
  class space    used 2974K, capacity 3159K, committed 3200K, reserved 1048576K
GC Heap History (10 events):
Event: 2.250 GC heap after
Heap after GC invocations=5 (full 0):
 PSYoungGen      total 51712K, used 3568K [0x00000000e1980000, 0x00000000e8780000, 0x0000000100000000)
  eden space 48128K, 0% used [0x00000000e1980000,0x00000000e1980000,0x00000000e4880000)
  from space 3584K, 99% used [0x00000000e4880000,0x00000000e4bfc050,0x00000000e4c00000)
  to   space 8192K, 0% used [0x00000000e7f80000,0x00000000e7f80000,0x00000000e8780000)
 ParOldGen       total 62976K, used 10715K [0x00000000a4c00000, 0x00000000a8980000, 0x00000000e1980000)
  object space 62976K, 17% used [0x00000000a4c00000,0x00000000a5676cc0,0x00000000a8980000)
 Metaspace       used 15137K, capacity 15422K, committed 15488K, reserved 1062912K
  class space    used 1820K, capacity 1919K, committed 1920K, reserved 1048576K
}
Event: 4.821 GC heap before
{Heap before GC invocations=6 (full 0):
 PSYoungGen      total 51712K, used 51696K [0x00000000e1980000, 0x00000000e8780000, 0x0000000100000000)
  eden space 48128K, 100% used [0x00000000e1980000,0x00000000e4880000,0x00000000e4880000)
  from space 3584K, 99% used [0x00000000e4880000,0x00000000e4bfc050,0x00000000e4c00000)
  to   space 8192K, 0% used [0x00000000e7f80000,0x00000000e7f80000,0x00000000e8780000)
 ParOldGen       total 62976K, used 10715K [0x00000000a4c00000, 0x00000000a8980000, 0x00000000e1980000)
  object space 62976K, 17% used [0x00000000a4c00000,0x00000000a5676cc0,0x00000000a8980000)
 Metaspace       used 16453K, capacity 16870K, committed 17024K, reserved 1064960K
  class space    used 1945K, capacity 2063K, committed 2176K, reserved 1048576K
Event: 4.831 GC heap after
Heap after GC invocations=6 (full 0):
 PSYoungGen      total 103936K, used 7017K [0x00000000e1980000, 0x00000000e8880000, 0x0000000100000000)
  eden space 95744K, 0% used [0x00000000e1980000,0x00000000e1980000,0x00000000e7700000)
  from space 8192K, 85% used [0x00000000e7f80000,0x00000000e865a4d8,0x00000000e8780000)
  to   space 8704K, 0% used [0x00000000e7700000,0x00000000e7700000,0x00000000e7f80000)
 ParOldGen       total 62976K, used 10715K [0x00000000a4c00000, 0x00000000a8980000, 0x00000000e1980000)
  object space 62976K, 17% used [0x00000000a4c00000,0x00000000a5676cc0,0x00000000a8980000)
 Metaspace       used 16453K, capacity 16870K, committed 17024K, reserved 1064960K
  class space    used 1945K, capacity 2063K, committed 2176K, reserved 1048576K
}
Event: 5.668 GC heap before
{Heap before GC invocations=7 (full 0):
 PSYoungGen      total 103936K, used 99986K [0x00000000e1980000, 0x00000000e8880000, 0x0000000100000000)
  eden space 95744K, 97% used [0x00000000e1980000,0x00000000e744a698,0x00000000e7700000)
  from space 8192K, 85% used [0x00000000e7f80000,0x00000000e865a4d8,0x00000000e8780000)
  to   space 8704K, 0% used [0x00000000e7700000,0x00000000e7700000,0x00000000e7f80000)
 ParOldGen       total 62976K, used 10715K [0x00000000a4c00000, 0x00000000a8980000, 0x00000000e1980000)
  object space 62976K, 17% used [0x00000000a4c00000,0x00000000a5676cc0,0x00000000a8980000)
 Metaspace       used 20718K, capacity 21146K, committed 21296K, reserved 1069056K
  class space    used 2481K, capacity 2615K, committed 2688K, reserved 1048576K
Event: 5.695 GC heap after
Heap after GC invocations=7 (full 0):
 PSYoungGen      total 104448K, used 8687K [0x00000000e1980000, 0x00000000eee80000, 0x0000000100000000)
  eden space 95744K, 0% used [0x00000000e1980000,0x00000000e1980000,0x00000000e7700000)
  from space 8704K, 99% used [0x00000000e7700000,0x00000000e7f7be90,0x00000000e7f80000)
  to   space 13312K, 0% used [0x00000000ee180000,0x00000000ee180000,0x00000000eee80000)
 ParOldGen       total 62976K, used 17943K [0x00000000a4c00000, 0x00000000a8980000, 0x00000000e1980000)
  object space 62976K, 28% used [0x00000000a4c00000,0x00000000a5d85d60,0x00000000a8980000)
 Metaspace       used 20718K, capacity 21146K, committed 21296K, reserved 1069056K
  class space    used 2481K, capacity 2615K, committed 2688K, reserved 1048576K
}
Event: 5.695 GC heap before
{Heap before GC invocations=8 (full 1):
 PSYoungGen      total 104448K, used 8687K [0x00000000e1980000, 0x00000000eee80000, 0x0000000100000000)
  eden space 95744K, 0% used [0x00000000e1980000,0x00000000e1980000,0x00000000e7700000)
  from space 8704K, 99% used [0x00000000e7700000,0x00000000e7f7be90,0x00000000e7f80000)
  to   space 13312K, 0% used [0x00000000ee180000,0x00000000ee180000,0x00000000eee80000)
 ParOldGen       total 62976K, used 17943K [0x00000000a4c00000, 0x00000000a8980000, 0x00000000e1980000)
  object space 62976K, 28% used [0x00000000a4c00000,0x00000000a5d85d60,0x00000000a8980000)
 Metaspace       used 20718K, capacity 21146K, committed 21296K, reserved 1069056K
  class space    used 2481K, capacity 2615K, committed 2688K, reserved 1048576K
Event: 5.790 GC heap after
Heap after GC invocations=8 (full 1):
 PSYoungGen      total 104448K, used 0K [0x00000000e1980000, 0x00000000eee80000, 0x0000000100000000)
  eden space 95744K, 0% used [0x00000000e1980000,0x00000000e1980000,0x00000000e7700000)
  from space 8704K, 0% used [0x00000000e7700000,0x00000000e7700000,0x00000000e7f80000)
  to   space 13312K, 0% used [0x00000000ee180000,0x00000000ee180000,0x00000000eee80000)
 ParOldGen       total 63488K, used 20460K [0x00000000a4c00000, 0x00000000a8a00000, 0x00000000e1980000)
  object space 63488K, 32% used [0x00000000a4c00000,0x00000000a5ffb340,0x00000000a8a00000)
 Metaspace       used 20718K, capacity 21146K, committed 21296K, reserved 1069056K
  class space    used 2481K, capacity 2615K, committed 2688K, reserved 1048576K
}
Event: 7.708 GC heap before
{Heap before GC invocations=9 (full 1):
 PSYoungGen      total 104448K, used 95744K [0x00000000e1980000, 0x00000000eee80000, 0x0000000100000000)
  eden space 95744K, 100% used [0x00000000e1980000,0x00000000e7700000,0x00000000e7700000)
  from space 8704K, 0% used [0x00000000e7700000,0x00000000e7700000,0x00000000e7f80000)
  to   space 13312K, 0% used [0x00000000ee180000,0x00000000ee180000,0x00000000eee80000)
 ParOldGen       total 63488K, used 20460K [0x00000000a4c00000, 0x00000000a8a00000, 0x00000000e1980000)
  object space 63488K, 32% used [0x00000000a4c00000,0x00000000a5ffb340,0x00000000a8a00000)
 Metaspace       used 23011K, capacity 23482K, committed 23552K, reserved 1071104K
  class space    used 2619K, capacity 2775K, committed 2816K, reserved 1048576K
Event: 7.726 GC heap after
Heap after GC invocations=9 (full 1):
 PSYoungGen      total 153600K, used 13285K [0x00000000e1980000, 0x00000000eee80000, 0x0000000100000000)
  eden space 140288K, 0% used [0x00000000e1980000,0x00000000e1980000,0x00000000ea280000)
  from space 13312K, 99% used [0x00000000ee180000,0x00000000eee796e8,0x00000000eee80000)
  to   space 16384K, 0% used [0x00000000ece80000,0x00000000ece80000,0x00000000ede80000)
 ParOldGen       total 63488K, used 23609K [0x00000000a4c00000, 0x00000000a8a00000, 0x00000000e1980000)
  object space 63488K, 37% used [0x00000000a4c00000,0x00000000a630e4c8,0x00000000a8a00000)
 Metaspace       used 23011K, capacity 23482K, committed 23552K, reserved 1071104K
  class space    used 2619K, capacity 2775K, committed 2816K, reserved 1048576K
}
Event: 16.953 GC heap before
{Heap before GC invocations=10 (full 1):
 PSYoungGen      total 153600K, used 91087K [0x00000000e1980000, 0x00000000eee80000, 0x0000000100000000)
  eden space 140288K, 55% used [0x00000000e1980000,0x00000000e657a528,0x00000000ea280000)
  from space 13312K, 99% used [0x00000000ee180000,0x00000000eee796e8,0x00000000eee80000)
  to   space 16384K, 0% used [0x00000000ece80000,0x00000000ece80000,0x00000000ede80000)
 ParOldGen       total 63488K, used 23609K [0x00000000a4c00000, 0x00000000a8a00000, 0x00000000e1980000)
  object space 63488K, 37% used [0x00000000a4c00000,0x00000000a630e4c8,0x00000000a8a00000)
 Metaspace       used 26057K, capacity 26708K, committed 27008K, reserved 1073152K
  class space    used 2974K, capacity 3159K, committed 3200K, reserved 1048576K

